<?xml version="1.0" encoding="UTF-8"?>
<!-- Generated by org.testng.reporters.JUnitReportReporter -->
<testsuite hostname="LAPTOP-EPJ64RFC" name="com.qa.hubspot.tests.HomePageTest" tests="1" failures="0" timestamp="12 May 2020 16:00:35 GMT" time="0.052" errors="0">
  <testcase name="verifyHomePageTitleTest" time="0.052" classname="com.qa.hubspot.tests.HomePageTest"/>
</testsuite> <!-- com.qa.hubspot.tests.HomePageTest -->
