<?xml version="1.0" encoding="UTF-8"?>
<!-- Generated by org.testng.reporters.JUnitReportReporter -->
<testsuite hostname="LAPTOP-EPJ64RFC" name="com.qa.hubspot.tests.ContactsPageTest" tests="3" failures="0" timestamp="15 Jun 2020 02:47:23 GMT" time="179.204" errors="0">
  <testcase name="verifyContactsPageTitle" time="35.969" classname="com.qa.hubspot.tests.ContactsPageTest"/>
  <testcase name="createContactsTest" time="59.154" classname="com.qa.hubspot.tests.ContactsPageTest"/>
  <testcase name="createContactsTest" time="84.081" classname="com.qa.hubspot.tests.ContactsPageTest"/>
</testsuite> <!-- com.qa.hubspot.tests.ContactsPageTest -->
