<?xml version="1.0" encoding="UTF-8"?>
<!-- Generated by org.testng.reporters.JUnitReportReporter -->
<testsuite hostname="LAPTOP-EPJ64RFC" name="com.qa.hubspot.tests.HomePageTest" tests="3" failures="0" timestamp="15 Jun 2020 02:57:52 GMT" time="11.063" errors="0">
  <testcase name="verifyHomePageTitleTest" time="4.180" classname="com.qa.hubspot.tests.HomePageTest"/>
  <testcase name="verifyHomePageHeaderTest" time="5.794" classname="com.qa.hubspot.tests.HomePageTest"/>
  <testcase name="verifyHomePageAddReportTest" time="1.089" classname="com.qa.hubspot.tests.HomePageTest"/>
</testsuite> <!-- com.qa.hubspot.tests.HomePageTest -->
