<?xml version="1.0" encoding="UTF-8"?>
<!-- Generated by org.testng.reporters.JUnitReportReporter -->
<testsuite hostname="LAPTOP-EPJ64RFC" name="com.qa.hubspot.tests.LoginPageTest" tests="3" failures="0" timestamp="14 Jun 2020 17:17:29 GMT" time="28.868" errors="0">
  <testcase name="verifyLoginPageTitleTest" time="9.489" classname="com.qa.hubspot.tests.LoginPageTest"/>
  <testcase name="verifySignUpLinkTest" time="2.061" classname="com.qa.hubspot.tests.LoginPageTest"/>
  <testcase name="loginTest" time="17.318" classname="com.qa.hubspot.tests.LoginPageTest"/>
</testsuite> <!-- com.qa.hubspot.tests.LoginPageTest -->
