<?xml version="1.0" encoding="UTF-8"?>
<!-- Generated by org.testng.reporters.JUnitReportReporter -->
<testsuite skipped="0" hostname="LAPTOP-EPJ64RFC" name="com.qa.hubspot.tests.HomePageTest" tests="3" failures="0" timestamp="15 Jun 2020 03:01:13 GMT" time="10.384" errors="0">
  <testcase name="verifyHomePageTitleTest" time="3.734" classname="com.qa.hubspot.tests.HomePageTest"/>
  <testcase name="verifyHomePageHeaderTest" time="5.604" classname="com.qa.hubspot.tests.HomePageTest"/>
  <testcase name="verifyHomePageAddReportTest" time="1.046" classname="com.qa.hubspot.tests.HomePageTest"/>
</testsuite> <!-- com.qa.hubspot.tests.HomePageTest -->
